<?xml version="1.0" encoding="UTF-8"?>
<testsuite xmlns:xsi="http://www.w3.org/2001/XMLSchema-instance" xsi:noNamespaceSchemaLocation="https://maven.apache.org/surefire/maven-surefire-plugin/xsd/surefire-test-report-3.0.xsd" version="3.0" name="TestSuite" time="79.95" tests="2" errors="0" skipped="0" failures="0">
  <properties>
[...]
</properties>
  <testcase name="LaunchYahoo" classname="demoTest.Wikipedia" time="65.227">
    <system-out><![CDATA[F:\Interview Preparation\Workspace\Jenkins//Extent_Reports//WIKI.html
F:\Interview Preparation\Workspace\Jenkins//Extent_Reports//Guru99.html
Selected Browser isChrome
Selected Browser isChrome
]]></system-out>
    <system-err><![CDATA[Starting ChromeDriver 74.0.3729.6 (255758eccf3d244491b8a1317aa76e1ce10d57e9-refs/branch-heads/3729@{#29}) on port 42018
Only local connections are allowed.
Please protect ports used by ChromeDriver and related test frameworks to prevent access by malicious code.
Starting ChromeDriver 74.0.3729.6 (255758eccf3d244491b8a1317aa76e1ce10d57e9-refs/branch-heads/3729@{#29}) on port 32624
Only local connections are allowed.
Please protect ports used by ChromeDriver and related test frameworks to prevent access by malicious code.
[[1166001111117973933.3.22882]9[]W[AWRNAIRNNIGN]:G] T:im eTidm oeudt  ocuto nnceonctniecngt intgo  Ctohr oChmero,me ,re rtertryinyg.i.n.g
...
Sep 26, 2020 4:28:57 PM org.openqa.selenium.remote.ProtocolHandshake createSession
INFO: Detected dialect: OSS
Sep 26, 2020 4:28:57 PM org.openqa.selenium.remote.ProtocolHandshake createSession
INFO: Detected dialect: OSS
]]></system-err>
  </testcase>
  <testcase name="LaunchYahoo" classname="demoTest.Guru99" time="68.248"/>
</testsuite>