<?xml version="1.0" encoding="UTF-8"?>
<testng-results ignored="0" total="2" passed="2" failed="0" skipped="0">
  <reporter-output>
  </reporter-output>
  <suite started-at="2021-05-19T16:13:37 IST" name="Suite" finished-at="2021-05-19T16:14:10 IST" duration-ms="32928">
    <groups>
    </groups>
    <test started-at="2021-05-19T16:13:37 IST" name="Wiki" finished-at="2021-05-19T16:13:56 IST" duration-ms="19063">
      <class name="demoTest.Guru99">
        <test-method is-config="true" signature="EndReport()[pri:0, instance:demoTest.Guru99@1677d1]" started-at="2021-05-19T16:14:10 IST" name="EndReport" finished-at="2021-05-19T16:14:16 IST" duration-ms="5884" status="PASS">
          <reporter-output>
          </reporter-output>
        </test-method> <!-- EndReport -->
      </class> <!-- demoTest.Guru99 -->
      <class name="demoTest.Wikipedia">
        <test-method is-config="true" signature="ReportInit()[pri:0, instance:demoTest.Wikipedia@6af93788]" started-at="2021-05-19T16:13:37 IST" name="ReportInit" finished-at="2021-05-19T16:13:37 IST" duration-ms="206" status="PASS">
          <reporter-output>
          </reporter-output>
        </test-method> <!-- ReportInit -->
        <test-method signature="LaunchYahoo()[pri:1, instance:demoTest.Wikipedia@6af93788]" started-at="2021-05-19T16:13:37 IST" name="LaunchYahoo" finished-at="2021-05-19T16:13:56 IST" duration-ms="18808" status="PASS">
          <reporter-output>
          </reporter-output>
        </test-method> <!-- LaunchYahoo -->
        <test-method is-config="true" signature="EndReport()[pri:0, instance:demoTest.Wikipedia@6af93788]" started-at="2021-05-19T16:14:16 IST" name="EndReport" finished-at="2021-05-19T16:14:17 IST" duration-ms="1806" status="PASS">
          <reporter-output>
          </reporter-output>
        </test-method> <!-- EndReport -->
      </class> <!-- demoTest.Wikipedia -->
    </test> <!-- Wiki -->
    <test started-at="2021-05-19T16:13:37 IST" name="Guru99" finished-at="2021-05-19T16:14:10 IST" duration-ms="32928">
      <class name="demoTest.Guru99">
        <test-method is-config="true" signature="ReportInit()[pri:0, instance:demoTest.Guru99@1677d1]" started-at="2021-05-19T16:13:37 IST" name="ReportInit" finished-at="2021-05-19T16:13:37 IST" duration-ms="206" status="PASS">
          <reporter-output>
          </reporter-output>
        </test-method> <!-- ReportInit -->
        <test-method signature="LaunchYahoo()[pri:1, instance:demoTest.Guru99@1677d1]" started-at="2021-05-19T16:13:37 IST" name="LaunchYahoo" finished-at="2021-05-19T16:14:10 IST" duration-ms="32680" status="PASS">
          <reporter-output>
          </reporter-output>
        </test-method> <!-- LaunchYahoo -->
      </class> <!-- demoTest.Guru99 -->
    </test> <!-- Guru99 -->
  </suite> <!-- Suite -->
</testng-results>
